----- 2011-04-24 13:45:09: Job 'Au Eats Form': ANALYSIS started by User on computer 'Blake-Merritts-MacBook-Pro.local' (GoodSync 1.7.8.0 on ) -----
Au Eats Form: /COM 315/Anderson Appetite <-> ftp://commajor.com/com315/aueats, SavePrevVers=30d, TmpDest, EstReq, CopyLocked, FileLinksDrill, CaseSens, Reconnect=3, ChangeLimit=10
Exclude /cssstuff.css|licens*.rfo|cache.rfo|mru.rfo|mpp*.rfo|RoboForm Online Account.rfp|/System Volume Information|Thumbs.db|.DS_Store 
Left: Reading State File /COM 315/Anderson Appetite/_gsdata_/_file_state._gs
Left: Files: 51 (excluded 2). Folders: 1 (excluded 1). /dev/disk0s2 HFS, Free: 10205M, Total: 249715M
Right: Reading State File ftp://commajor.com/com315/aueats/_gsdata_/_file_state._gs
Right: Files: 24 (excluded 1). Folders: 1 (excluded 1). FTP: DreamHost FTP Server
/detail.php: Conflict: File Modified on Both Sides
Changes: 28, Conflicts: 1, CopyTime: 0, CopyState: 0, Errors: 0
Left to Right: Copy File: 27 
----- 2011-04-24 13:45:13: Analysis Completed. Time 00:00:05, Speed: 11 files/s -----

===== 2011-04-24 13:45:32: Job 'Au Eats Form': SYNC started by User on computer 'Blake-Merritts-MacBook-Pro.local' =====
Au Eats Form: /COM 315/Anderson Appetite <-> ftp://commajor.com/com315/aueats, SavePrevVers=30d, TmpDest, EstReq, CopyLocked, FileLinksDrill, CaseSens, Reconnect=3, ChangeLimit=10
Copy New '/COM 315/Anderson Appetite/Pictures/chilis.jpg' -> 'ftp://commajor.com/com315/aueats/Pictures/chilis.jpg'
Copy New '/COM 315/Anderson Appetite/Pictures/goldencorral.jpg' -> 'ftp://commajor.com/com315/aueats/Pictures/goldencorral.jpg'
Copy New '/COM 315/Anderson Appetite/Pictures/greatamericancookies.jpg' -> 'ftp://commajor.com/com315/aueats/Pictures/greatamericancookies.jpg'
Copy New '/COM 315/Anderson Appetite/Pictures/harborinn.jpg' -> 'ftp://commajor.com/com315/aueats/Pictures/harborinn.jpg'
Copy New '/COM 315/Anderson Appetite/Pictures/hardees.jpg' -> 'ftp://commajor.com/com315/aueats/Pictures/hardees.jpg'
Copy New '/COM 315/Anderson Appetite/Pictures/hibachi.jpg' -> 'ftp://commajor.com/com315/aueats/Pictures/hibachi.jpg'
Copy New '/COM 315/Anderson Appetite/Pictures/honeybakedham.jpg' -> 'ftp://commajor.com/com315/aueats/Pictures/honeybakedham.jpg'
Copy New '/COM 315/Anderson Appetite/Pictures/ihop.jpg' -> 'ftp://commajor.com/com315/aueats/Pictures/ihop.jpg'
Copy New '/COM 315/Anderson Appetite/Pictures/jackinthebox.jpg' -> 'ftp://commajor.com/com315/aueats/Pictures/jackinthebox.jpg'
Copy New '/COM 315/Anderson Appetite/Pictures/logans.jpg' -> 'ftp://commajor.com/com315/aueats/Pictures/logans.jpg'
Copy New '/COM 315/Anderson Appetite/Pictures/marbleslab.jpg' -> 'ftp://commajor.com/com315/aueats/Pictures/marbleslab.jpg'
Copy New '/COM 315/Anderson Appetite/Pictures/mexicandeli.jpg' -> 'ftp://commajor.com/com315/aueats/Pictures/mexicandeli.jpg'
Copy New '/COM 315/Anderson Appetite/Pictures/mishima.jpg' -> 'ftp://commajor.com/com315/aueats/Pictures/mishima.jpg'
Copy New '/COM 315/Anderson Appetite/Pictures/moes.jpg' -> 'ftp://commajor.com/com315/aueats/Pictures/moes.jpg'
Copy New '/COM 315/Anderson Appetite/Pictures/olivegarden.jpg' -> 'ftp://commajor.com/com315/aueats/Pictures/olivegarden.jpg'
Copy New '/COM 315/Anderson Appetite/Pictures/panera.jpg' -> 'ftp://commajor.com/com315/aueats/Pictures/panera.jpg'
Copy New '/COM 315/Anderson Appetite/Pictures/peppinos.jpg' -> 'ftp://commajor.com/com315/aueats/Pictures/peppinos.jpg'
Copy New '/COM 315/Anderson Appetite/Pictures/pizzabuffet.jpg' -> 'ftp://commajor.com/com315/aueats/Pictures/pizzabuffet.jpg'
Copy New '/COM 315/Anderson Appetite/Pictures/pizzahut.jpg' -> 'ftp://commajor.com/com315/aueats/Pictures/pizzahut.jpg'
Copy New '/COM 315/Anderson Appetite/Pictures/pompuspig.jpg' -> 'ftp://commajor.com/com315/aueats/Pictures/pompuspig.jpg'
Copy New '/COM 315/Anderson Appetite/Pictures/redlobster.jpg' -> 'ftp://commajor.com/com315/aueats/Pictures/redlobster.jpg'
Copy New '/COM 315/Anderson Appetite/Pictures/rita.jpg' -> 'ftp://commajor.com/com315/aueats/Pictures/rita.jpg'
Copy New '/COM 315/Anderson Appetite/Pictures/sbarro.jpg' -> 'ftp://commajor.com/com315/aueats/Pictures/sbarro.jpg'
Copy New '/COM 315/Anderson Appetite/Pictures/texasroadhouse.jpg' -> 'ftp://commajor.com/com315/aueats/Pictures/texasroadhouse.jpg'
Copy New '/COM 315/Anderson Appetite/Pictures/thaispice.jpg' -> 'ftp://commajor.com/com315/aueats/Pictures/thaispice.jpg'
Copy New '/COM 315/Anderson Appetite/Pictures/tuckers.jpg' -> 'ftp://commajor.com/com315/aueats/Pictures/tuckers.jpg'
Copy New '/COM 315/Anderson Appetite/Pictures/zaxbys.jpg' -> 'ftp://commajor.com/com315/aueats/Pictures/zaxbys.jpg'
/detail.php: unresolved conflict results in No Copy
Save State File /COM 315/Anderson Appetite/_gsdata_/_file_state._gs
Save State File ftp://commajor.com/com315/aueats/_gsdata_/_file_state._gs
Sync finished with 1 errors. Click Errors button to see sync errors
Items Synced OK: 27, Errors: 1
===== 2011-04-24 13:46:46: Sync Completed. Time: 00:01:16, Speed: 262K/s =====

