----- 2011-04-22 15:15:29: Job 'Au Eats Form': ANALYSIS started by User on computer 'Blake-Merritts-MacBook-Pro.local' (GoodSync 1.7.8.0 on ) -----
Au Eats Form: /COM 315/Anderson Appetite <-> ftp://commajor.com/com315/aueats, SavePrevVers=30d, TmpDest, EstReq, CopyLocked, FileLinksDrill, CaseSens, Reconnect=3, ChangeLimit=10
Exclude /cssstuff.css|licens*.rfo|cache.rfo|mru.rfo|mpp*.rfo|RoboForm Online Account.rfp|/System Volume Information|Thumbs.db|.DS_Store 
Left: Reading State File /COM 315/Anderson Appetite/_gsdata_/_file_state._gs
Left: Files: 20 (excluded 2). Folders: 1 (excluded 1). /dev/disk0s2 HFS, Free: 11165M, Total: 249715M
Right: Reading State File ftp://commajor.com/com315/aueats/_gsdata_/_file_state._gs
Right: Files: 15 (excluded 1). Folders: 1 (excluded 1). FTP: DreamHost FTP Server
/detail.php: Conflict: File Modified on Both Sides
Changes: 8, Conflicts: 1, CopyTime: 0, CopyState: 0, Errors: 0
Left to Right: Copy File: 7 
----- 2011-04-22 15:15:32: Analysis Completed. Time 00:00:04, Speed: 6 files/s -----

===== 2011-04-22 15:15:35: Job 'Au Eats Form': SYNC started by User on computer 'Blake-Merritts-MacBook-Pro.local' =====
Au Eats Form: /COM 315/Anderson Appetite <-> ftp://commajor.com/com315/aueats, SavePrevVers=30d, TmpDest, EstReq, CopyLocked, FileLinksDrill, CaseSens, Reconnect=3, ChangeLimit=10
Copy New '/COM 315/Anderson Appetite/Pictures/carsons.jpg' -> 'ftp://commajor.com/com315/aueats/Pictures/carsons.jpg'
Copy New '/COM 315/Anderson Appetite/Pictures/chickfila.jpg' -> 'ftp://commajor.com/com315/aueats/Pictures/chickfila.jpg'
Copy New '/COM 315/Anderson Appetite/Pictures/cookout.jpg' -> 'ftp://commajor.com/com315/aueats/Pictures/cookout.jpg'
Copy New '/COM 315/Anderson Appetite/Pictures/dennys.jpg' -> 'ftp://commajor.com/com315/aueats/Pictures/dennys.jpg'
Copy Over '/COM 315/Anderson Appetite/category.php' -> 'ftp://commajor.com/com315/aueats/category.php'
/detail.php: unresolved conflict results in No Copy
Copy Over '/COM 315/Anderson Appetite/index.php' -> 'ftp://commajor.com/com315/aueats/index.php'
Copy New '/COM 315/Anderson Appetite/logo.png' -> 'ftp://commajor.com/com315/aueats/logo.png'
Save State File /COM 315/Anderson Appetite/_gsdata_/_file_state._gs
Save State File ftp://commajor.com/com315/aueats/_gsdata_/_file_state._gs
Sync finished with 1 errors. Click Errors button to see sync errors
Items Synced OK: 7, Errors: 1
===== 2011-04-22 15:15:48: Sync Completed. Time: 00:00:15, Speed: 24K/s =====

