----- 2011-04-21 12:04:54: Job 'Au Eats Form': ANALYSIS started by User on computer 'dstern-lt.ac.edu' (GoodSync 1.7.8.0 on ) -----
Au Eats Form: /COM 315/Anderson Appetite <-> ftp://commajor.com/com315/aueats, SavePrevVers=30d, TmpDest, EstReq, CopyLocked, FileLinksDrill, CaseSens, Reconnect=3, ChangeLimit=10
Exclude licens*.rfo|cache.rfo|mru.rfo|mpp*.rfo|RoboForm Online Account.rfp|/System Volume Information|Thumbs.db|.DS_Store 
Left: Reading State File /COM 315/Anderson Appetite/_gsdata_/_file_state._gs
Left: Files: 10 (excluded 1). Folders: 0 (excluded 1). /dev/disk0s2 HFS, Free: 11206M, Total: 249715M
Right: Reading State File ftp://commajor.com/com315/aueats/_gsdata_/_file_state._gs
Right: Files: 11 (excluded 0). Folders: 0 (excluded 1). FTP: DreamHost FTP Server
/cssstuff.css: Conflict: File Modified on Both Sides
On disk  space required for sync is 40K, you have 11206M
Changes: 4, Conflicts: 1, CopyTime: 0, CopyState: 0, Errors: 0
Left to Right: Copy File: 1 
Right to Left: Copy File: 1 Delete File: 1 
----- 2011-04-21 12:05:01: Analysis Completed. Time 00:00:08, Speed: 1 files/s -----

===== 2011-04-21 12:05:06: Job 'Au Eats Form': SYNC started by User on computer 'dstern-lt.ac.edu' =====
Au Eats Form: /COM 315/Anderson Appetite <-> ftp://commajor.com/com315/aueats, SavePrevVers=30d, TmpDest, EstReq, CopyLocked, FileLinksDrill, CaseSens, Reconnect=3, ChangeLimit=10
Delete File '/COM 315/Anderson Appetite/AALogo3.png'
Copy New 'ftp://commajor.com/com315/aueats/AALogo.png' -> '/COM 315/Anderson Appetite/AALogo.png'
/cssstuff.css: unresolved conflict results in No Copy
Copy Over '/COM 315/Anderson Appetite/index.php' -> 'ftp://commajor.com/com315/aueats/index.php'
Save State File /COM 315/Anderson Appetite/_gsdata_/_file_state._gs
Save State File ftp://commajor.com/com315/aueats/_gsdata_/_file_state._gs
Sync finished with 1 errors. Click Errors button to see sync errors
Items Synced OK: 3, Errors: 1
===== 2011-04-21 12:05:23: Sync Completed. Time: 00:00:18, Speed: 16K/s =====

