----- 2011-04-21 11:38:20: Job 'Au Eats Form': ANALYSIS started by User on computer 'dstern-lt.ac.edu' (GoodSync 1.7.8.0 on ) -----
Au Eats Form: /COM 315/Anderson Appetite <-> ftp://commajor.com/com315/aueats, SavePrevVers=30d, TmpDest, EstReq, CopyLocked, FileLinksDrill, CaseSens, Reconnect=3, ChangeLimit=10
Exclude licens*.rfo|cache.rfo|mru.rfo|mpp*.rfo|RoboForm Online Account.rfp|/System Volume Information|Thumbs.db|.DS_Store 
Left: Reading State File /COM 315/Anderson Appetite/_gsdata_/_file_state._gs
Left: Files: 11 (excluded 1). Folders: 0 (excluded 1). /dev/disk0s2 HFS, Free: 11206M, Total: 249715M
Right: Reading State File ftp://commajor.com/com315/aueats/_gsdata_/_file_state._gs
Right: Files: 11 (excluded 0). Folders: 0 (excluded 1). FTP: DreamHost FTP Server
/cssstuff.css: Conflict: File Modified on Both Sides
Changes: 2, Conflicts: 1, CopyTime: 0, CopyState: 0, Errors: 0
Left to Right: Copy File: 1 
----- 2011-04-21 11:38:22: Analysis Completed. Time 00:00:04, Speed: 3 files/s -----

===== 2011-04-21 11:38:28: Job 'Au Eats Form': SYNC started by User on computer 'dstern-lt.ac.edu' =====
Au Eats Form: /COM 315/Anderson Appetite <-> ftp://commajor.com/com315/aueats, SavePrevVers=30d, TmpDest, EstReq, CopyLocked, FileLinksDrill, CaseSens, Reconnect=3, ChangeLimit=10
Copy Over '/COM 315/Anderson Appetite/category.php' -> 'ftp://commajor.com/com315/aueats/category.php'
/cssstuff.css: unresolved conflict results in No Copy
Save State File /COM 315/Anderson Appetite/_gsdata_/_file_state._gs
Save State File ftp://commajor.com/com315/aueats/_gsdata_/_file_state._gs
Sync finished with 1 errors. Click Errors button to see sync errors
Items Synced OK: 1, Errors: 1
===== 2011-04-21 11:38:31: Sync Completed. Time: 00:00:05, Speed: 4096/s =====

