----- 2011-04-21 11:30:00: Job 'Au Eats Form': ANALYSIS started by User on computer 'dstern-lt.ac.edu' (GoodSync 1.7.8.0 on ) -----
Au Eats Form: /COM 315/Anderson Appetite <-> ftp://commajor.com/com315/aueats, SavePrevVers=30d, TmpDest, EstReq, CopyLocked, FileLinksDrill, CaseSens, Reconnect=3, ChangeLimit=10
Exclude licens*.rfo|cache.rfo|mru.rfo|mpp*.rfo|RoboForm Online Account.rfp|/System Volume Information|Thumbs.db|.DS_Store 
Left: Reading State File /COM 315/Anderson Appetite/_gsdata_/_file_state._gs
Left: Files: 11 (excluded 1). Folders: 0 (excluded 1). /dev/disk0s2 HFS, Free: 11205M, Total: 249715M
Right: Reading State File ftp://commajor.com/com315/aueats/_gsdata_/_file_state._gs
Right: Files: 12 (excluded 0). Folders: 0 (excluded 1). FTP: DreamHost FTP Server
/cssstuff.css: Conflict: File Modified on Both Sides
Changes: 2, Conflicts: 1, CopyTime: 0, CopyState: 1, Errors: 0
Left to Right: Delete File: 1 
----- 2011-04-21 11:30:04: Analysis Completed. Time 00:00:08, Speed: 1 files/s -----

===== 2011-04-21 11:30:12: Job 'Au Eats Form': SYNC started by User on computer 'dstern-lt.ac.edu' =====
Au Eats Form: /COM 315/Anderson Appetite <-> ftp://commajor.com/com315/aueats, SavePrevVers=30d, TmpDest, EstReq, CopyLocked, FileLinksDrill, CaseSens, Reconnect=3, ChangeLimit=10
Delete File 'ftp://commajor.com/com315/aueats/anderson_appetite.html'
/cssstuff.css: unresolved conflict results in No Copy
Sync State: /index.html
Save State File /COM 315/Anderson Appetite/_gsdata_/_file_state._gs
Save State File ftp://commajor.com/com315/aueats/_gsdata_/_file_state._gs
Sync finished with 1 errors. Click Errors button to see sync errors
Items Synced OK: 2, Errors: 1
===== 2011-04-21 11:30:17: Sync Completed. Time: 00:00:12, Speed: 4096/s =====

