----- 2011-04-22 14:55:53: Job 'Au Eats Form': ANALYSIS started by User on computer 'Blake-Merritts-MacBook-Pro.local' (GoodSync 1.7.8.0 on ) -----
Au Eats Form: /COM 315/Anderson Appetite <-> ftp://commajor.com/com315/aueats, SavePrevVers=30d, TmpDest, EstReq, CopyLocked, FileLinksDrill, CaseSens, Reconnect=3, ChangeLimit=10
Exclude /cssstuff.css|licens*.rfo|cache.rfo|mru.rfo|mpp*.rfo|RoboForm Online Account.rfp|/System Volume Information|Thumbs.db|.DS_Store 
Left: Reading State File /COM 315/Anderson Appetite/_gsdata_/_file_state._gs
Left: Files: 14 (excluded 2). Folders: 1 (excluded 1). /dev/disk0s2 HFS, Free: 11166M, Total: 249715M
Right: Reading State File ftp://commajor.com/com315/aueats/_gsdata_/_file_state._gs
Right: Files: 9 (excluded 1). Folders: 0 (excluded 1). FTP: DreamHost FTP Server
/detail.php: Conflict: File Modified on Both Sides
On disk  space required for sync is 57K, you have 11166M
Changes: 9, Conflicts: 1, CopyTime: 0, CopyState: 1, Errors: 0
Left to Right: Copy File: 5 
Right to Left: Copy File: 1 Delete File: 2 Copy State: 1 
----- 2011-04-22 14:55:57: Analysis Completed. Time 00:00:05, Speed: 3 files/s -----

===== 2011-04-22 14:56:06: Job 'Au Eats Form': SYNC started by User on computer 'Blake-Merritts-MacBook-Pro.local' =====
Au Eats Form: /COM 315/Anderson Appetite <-> ftp://commajor.com/com315/aueats, SavePrevVers=30d, TmpDest, EstReq, CopyLocked, FileLinksDrill, CaseSens, Reconnect=3, ChangeLimit=10
Delete File '/COM 315/Anderson Appetite/AALogo.png'
Delete File '/COM 315/Anderson Appetite/AndersonAppetiteLogo.png'
Create Folder 'ftp://commajor.com/com315/aueats/Pictures'
Copy New '/COM 315/Anderson Appetite/Pictures/andersonexpress.jpg' -> 'ftp://commajor.com/com315/aueats/Pictures/andersonexpress.jpg'
Copy New '/COM 315/Anderson Appetite/Pictures/barberitos.jpg' -> 'ftp://commajor.com/com315/aueats/Pictures/barberitos.jpg'
Copy New '/COM 315/Anderson Appetite/Pictures/wendys.jpg' -> 'ftp://commajor.com/com315/aueats/Pictures/wendys.jpg'
Copy New '/COM 315/Anderson Appetite/Pictures/yogurtmountain.jpg' -> 'ftp://commajor.com/com315/aueats/Pictures/yogurtmountain.jpg'
Copy State R>L: /AUEATS.jpg
Copy New 'ftp://commajor.com/com315/aueats/AUEATS.png' -> '/COM 315/Anderson Appetite/AUEATS.png'
/detail.php: unresolved conflict results in No Copy
Save State File /COM 315/Anderson Appetite/_gsdata_/_file_state._gs
Save State File ftp://commajor.com/com315/aueats/_gsdata_/_file_state._gs
Sync finished with 1 errors. Click Errors button to see sync errors
Items Synced OK: 9, Errors: 1
===== 2011-04-22 14:56:18: Sync Completed. Time: 00:00:14, Speed: 32K/s =====

