----- 2011-04-22 16:41:18: Job 'Au Eats Form': ANALYSIS started by User on computer 'Blake-Merritts-MacBook-Pro.local' (GoodSync 1.7.8.0 on ) -----
Au Eats Form: /COM 315/Anderson Appetite <-> ftp://commajor.com/com315/aueats, SavePrevVers=30d, TmpDest, EstReq, CopyLocked, FileLinksDrill, CaseSens, Reconnect=3, ChangeLimit=10
Exclude /cssstuff.css|licens*.rfo|cache.rfo|mru.rfo|mpp*.rfo|RoboForm Online Account.rfp|/System Volume Information|Thumbs.db|.DS_Store 
Left: Reading State File /COM 315/Anderson Appetite/_gsdata_/_file_state._gs
Left: Files: 24 (excluded 2). Folders: 1 (excluded 1). /dev/disk0s2 HFS, Free: 11165M, Total: 249715M
Right: Reading State File ftp://commajor.com/com315/aueats/_gsdata_/_file_state._gs
Right: Files: 20 (excluded 1). Folders: 1 (excluded 1). FTP: DreamHost FTP Server
/detail.php: Conflict: File Modified on Both Sides
Changes: 5, Conflicts: 1, CopyTime: 0, CopyState: 1, Errors: 0
Left to Right: Copy File: 4 
----- 2011-04-22 16:41:21: Analysis Completed. Time 00:00:04, Speed: 7 files/s -----

===== 2011-04-22 16:41:24: Job 'Au Eats Form': SYNC started by User on computer 'Blake-Merritts-MacBook-Pro.local' =====
Au Eats Form: /COM 315/Anderson Appetite <-> ftp://commajor.com/com315/aueats, SavePrevVers=30d, TmpDest, EstReq, CopyLocked, FileLinksDrill, CaseSens, Reconnect=3, ChangeLimit=10
Copy New '/COM 315/Anderson Appetite/Pictures/elpatron.jpg' -> 'ftp://commajor.com/com315/aueats/Pictures/elpatron.jpg'
Copy New '/COM 315/Anderson Appetite/Pictures/firehousesubs.jpg' -> 'ftp://commajor.com/com315/aueats/Pictures/firehousesubs.jpg'
Copy New '/COM 315/Anderson Appetite/Pictures/fiveguys.jpg' -> 'ftp://commajor.com/com315/aueats/Pictures/fiveguys.jpg'
Copy New '/COM 315/Anderson Appetite/Pictures/fuji.jpg' -> 'ftp://commajor.com/com315/aueats/Pictures/fuji.jpg'
/detail.php: unresolved conflict results in No Copy
Sync State: /logo.png
Save State File /COM 315/Anderson Appetite/_gsdata_/_file_state._gs
Save State File ftp://commajor.com/com315/aueats/_gsdata_/_file_state._gs
Sync finished with 1 errors. Click Errors button to see sync errors
Items Synced OK: 5, Errors: 1
===== 2011-04-22 16:41:34: Sync Completed. Time: 00:00:12, Speed: 24K/s =====

