----- 2011-04-22 15:03:26: Job 'Au Eats Form': ANALYSIS started by User on computer 'Blake-Merritts-MacBook-Pro.local' (GoodSync 1.7.8.0 on ) -----
Au Eats Form: /COM 315/Anderson Appetite <-> ftp://commajor.com/com315/aueats, SavePrevVers=30d, TmpDest, EstReq, CopyLocked, FileLinksDrill, CaseSens, Reconnect=3, ChangeLimit=10
Exclude /cssstuff.css|licens*.rfo|cache.rfo|mru.rfo|mpp*.rfo|RoboForm Online Account.rfp|/System Volume Information|Thumbs.db|.DS_Store 
Left: Reading State File /COM 315/Anderson Appetite/_gsdata_/_file_state._gs
Left: Files: 13 (excluded 2). Folders: 1 (excluded 1). /dev/disk0s2 HFS, Free: 11166M, Total: 249715M
Right: Reading State File ftp://commajor.com/com315/aueats/_gsdata_/_file_state._gs
Right: Files: 13 (excluded 1). Folders: 1 (excluded 1). FTP: DreamHost FTP Server
/detail.php: Conflict: File Modified on Both Sides
On disk  space required for sync is 4096, you have 11166M
Changes: 3, Conflicts: 1, CopyTime: 0, CopyState: 0, Errors: 0
Left to Right: Copy File: 1 
Right to Left: Copy File: 1 
----- 2011-04-22 15:03:30: Analysis Completed. Time 00:00:05, Speed: 3 files/s -----

===== 2011-04-22 15:03:33: Job 'Au Eats Form': SYNC started by User on computer 'Blake-Merritts-MacBook-Pro.local' =====
Au Eats Form: /COM 315/Anderson Appetite <-> ftp://commajor.com/com315/aueats, SavePrevVers=30d, TmpDest, EstReq, CopyLocked, FileLinksDrill, CaseSens, Reconnect=3, ChangeLimit=10
Copy Over '/COM 315/Anderson Appetite/category.php' -> 'ftp://commajor.com/com315/aueats/category.php'
/detail.php: unresolved conflict results in No Copy
Copy Over 'ftp://commajor.com/com315/aueats/index.php' -> '/COM 315/Anderson Appetite/index.php'
Save State File /COM 315/Anderson Appetite/_gsdata_/_file_state._gs
Save State File ftp://commajor.com/com315/aueats/_gsdata_/_file_state._gs
Sync finished with 1 errors. Click Errors button to see sync errors
Items Synced OK: 2, Errors: 1
===== 2011-04-22 15:03:37: Sync Completed. Time: 00:00:06, Speed: 8192/s =====

