----- 2011-04-19 14:49:22: Job 'Au Eats Form': ANALYSIS started by User on computer 'Blake-Merritts-MacBook-Pro.local' (GoodSync 1.7.8.0 on ) -----
Au Eats Form: /COM 315/Anderson Appetite <-> ftp://commajor.com/com315/aueats, SavePrevVers=30d, TmpDest, EstReq, CopyLocked, FileLinksDrill, CaseSens, Reconnect=3, ChangeLimit=10
Exclude licens*.rfo|cache.rfo|mru.rfo|mpp*.rfo|RoboForm Online Account.rfp|/System Volume Information|Thumbs.db|.DS_Store 
Left: Reading State File /COM 315/Anderson Appetite/_gsdata_/_file_state._gs
Left: Files: 12 (excluded 0). Folders: 0 (excluded 1). /dev/disk0s2 HFS, Free: 10281M, Total: 249715M
Right: Reading State File ftp://commajor.com/com315/aueats/_gsdata_/_file_state._gs
Right: Files: 13 (excluded 0). Folders: 0 (excluded 1). FTP: DreamHost FTP Server
On disk  space required for sync is 49K, you have 10281M
Changes: 7, Conflicts: 0, CopyTime: 0, CopyState: 0, Errors: 0
Left to Right: Copy File: 2 
Right to Left: Copy File: 5 
----- 2011-04-19 14:49:26: Analysis Completed. Time 00:00:05, Speed: 2 files/s -----

===== 2011-04-19 14:49:28: Job 'Au Eats Form': SYNC started by User on computer 'Blake-Merritts-MacBook-Pro.local' =====
Au Eats Form: /COM 315/Anderson Appetite <-> ftp://commajor.com/com315/aueats, SavePrevVers=30d, TmpDest, EstReq, CopyLocked, FileLinksDrill, CaseSens, Reconnect=3, ChangeLimit=10
Copy Over 'ftp://commajor.com/com315/aueats/AALogo3.png' -> '/COM 315/Anderson Appetite/AALogo3.png'
Copy Over 'ftp://commajor.com/com315/aueats/anderson_appetite.html' -> '/COM 315/Anderson Appetite/anderson_appetite.html'
Copy Over '/COM 315/Anderson Appetite/category.php' -> 'ftp://commajor.com/com315/aueats/category.php'
Copy Over 'ftp://commajor.com/com315/aueats/cssstuff.css' -> '/COM 315/Anderson Appetite/cssstuff.css'
Copy Over '/COM 315/Anderson Appetite/detail.php' -> 'ftp://commajor.com/com315/aueats/detail.php'
Copy New 'ftp://commajor.com/com315/aueats/index.html' -> '/COM 315/Anderson Appetite/index.html'
Copy Over 'ftp://commajor.com/com315/aueats/index.php' -> '/COM 315/Anderson Appetite/index.php'
Save State File /COM 315/Anderson Appetite/_gsdata_/_file_state._gs
Save State File ftp://commajor.com/com315/aueats/_gsdata_/_file_state._gs
Items Synced OK: 7, Errors: 0
===== 2011-04-19 14:49:39: Sync Completed. Time: 00:00:12, Speed: 8192/s =====

